<?xml version="1.0" encoding="UTF-8"?>
<coverage generated="1722449798675" clover="3.2.0">
  <project timestamp="1722449798675" name="All files">
    <metrics statements="4" coveredstatements="2" conditionals="2" coveredconditionals="2" methods="4" coveredmethods="2" elements="10" coveredelements="6" complexity="0" loc="4" ncloc="4" packages="2" files="2" classes="2"/>
    <package name="entities.Chart.model.selectors">
      <metrics statements="1" coveredstatements="1" conditionals="0" coveredconditionals="0" methods="1" coveredmethods="1"/>
      <file name="selectors.ts" path="D:\monitoringapp\src\entities\Chart\model\selectors\selectors.ts">
        <metrics statements="1" coveredstatements="1" conditionals="0" coveredconditionals="0" methods="1" coveredmethods="1"/>
        <line num="3" count="1" type="stmt"/>
      </file>
    </package>
    <package name="shared.lib.classNames">
      <metrics statements="3" coveredstatements="1" conditionals="2" coveredconditionals="2" methods="3" coveredmethods="1"/>
      <file name="classNames.ts" path="D:\monitoringapp\src\shared\lib\classNames\classNames.ts">
        <metrics statements="3" coveredstatements="1" conditionals="2" coveredconditionals="2" methods="3" coveredmethods="1"/>
        <line num="3" count="1" type="stmt"/>
        <line num="7" count="0" type="stmt"/>
        <line num="8" count="0" type="stmt"/>
      </file>
    </package>
  </project>
</coverage>
