{"D:\\monitoringapp\\src\\entities\\Chart\\model\\selectors\\selectors.ts": {"path":"D:\\monitoringapp\\src\\entities\\Chart\\model\\selectors\\selectors.ts","statementMap":{"0":{"start":{"line":3,"column":27},"end":{"line":3,"column":68}},"1":{"start":{"line":3,"column":48},"end":{"line":3,"column":68}}},"fnMap":{"0":{"name":"(anonymous_0)","decl":{"start":{"line":3,"column":27},"end":{"line":3,"column":28}},"loc":{"start":{"line":3,"column":48},"end":{"line":3,"column":68}},"line":3}},"branchMap":{},"s":{"0":1,"1":1},"f":{"0":1},"b":{},"_coverageSchema":"1a1c01bbd47fc00a2c39e90264f33305004495a9","hash":"936e577fde999d0d89da0e0681860fcedf97c327"}
,"D:\\monitoringapp\\src\\shared\\lib\\classNames\\classNames.ts": {"path":"D:\\monitoringapp\\src\\shared\\lib\\classNames\\classNames.ts","statementMap":{"0":{"start":{"line":3,"column":4},"end":{"line":10,"column":19}},"1":{"start":{"line":7,"column":41},"end":{"line":7,"column":55}},"2":{"start":{"line":8,"column":38},"end":{"line":8,"column":47}}},"fnMap":{"0":{"name":"classNames","decl":{"start":{"line":2,"column":24},"end":{"line":2,"column":34}},"loc":{"start":{"line":2,"column":91},"end":{"line":11,"column":1}},"line":2},"1":{"name":"(anonymous_1)","decl":{"start":{"line":7,"column":20},"end":{"line":7,"column":21}},"loc":{"start":{"line":7,"column":41},"end":{"line":7,"column":55}},"line":7},"2":{"name":"(anonymous_2)","decl":{"start":{"line":8,"column":17},"end":{"line":8,"column":18}},"loc":{"start":{"line":8,"column":38},"end":{"line":8,"column":47}},"line":8}},"branchMap":{"0":{"loc":{"start":{"line":2,"column":47},"end":{"line":2,"column":59}},"type":"default-arg","locations":[{"start":{"line":2,"column":57},"end":{"line":2,"column":59}}],"line":2},"1":{"loc":{"start":{"line":2,"column":60},"end":{"line":2,"column":82}},"type":"default-arg","locations":[{"start":{"line":2,"column":80},"end":{"line":2,"column":82}}],"line":2}},"s":{"0":1,"1":0,"2":0},"f":{"0":1,"1":0,"2":0},"b":{"0":[1],"1":[1]},"_coverageSchema":"1a1c01bbd47fc00a2c39e90264f33305004495a9","hash":"e7cb7cc26413649100f3bad3f88046f0e34df365"}
}
